<?xml version="1.0" encoding="UTF-8"?>
<coverage generated="1505588295490" clover="3.2.0">
  <project timestamp="1505588295490" name="All files">
    <metrics statements="7" coveredstatements="6" conditionals="2" coveredconditionals="1" methods="5" coveredmethods="4" elements="14" coveredelements="11" complexity="0" loc="7" ncloc="7" packages="1" files="3" classes="3">
      <file name="calc.js" path="/Users/peter/git/mjr-frontend-jest/samples/simple/src/calc.js">
        <metrics statements="4" coveredstatements="3" conditionals="0" coveredconditionals="0" methods="2" coveredmethods="1"/>
        <line num="5" count="2" type="stmt"/>
        <line num="9" count="0" type="stmt"/>
        <line num="13" count="1" type="stmt"/>
        <line num="14" count="1" type="stmt"/>
      </file>
      <file name="formatter.js" path="/Users/peter/git/mjr-frontend-jest/samples/simple/src/formatter.js">
        <metrics statements="2" coveredstatements="2" conditionals="2" coveredconditionals="1" methods="2" coveredmethods="2"/>
        <line num="2" count="1" type="stmt"/>
        <line num="4" count="4" type="cond" truecount="1" falsecount="1"/>
      </file>
      <file name="userService.js" path="/Users/peter/git/mjr-frontend-jest/samples/simple/src/userService.js">
        <metrics statements="1" coveredstatements="1" conditionals="0" coveredconditionals="0" methods="1" coveredmethods="1"/>
        <line num="2" count="1" type="stmt"/>
      </file>
    </metrics>
  </project>
</coverage>
