{"/Users/peter/git/mjr-frontend-jest/samples/simple/src/calc.js": {"path":"/Users/peter/git/mjr-frontend-jest/samples/simple/src/calc.js","statementMap":{"0":{"start":{"line":5,"column":4},"end":{"line":5,"column":17}},"1":{"start":{"line":9,"column":4},"end":{"line":9,"column":17}},"2":{"start":{"line":13,"column":13},"end":{"line":13,"column":23}},"3":{"start":{"line":14,"column":0},"end":{"line":14,"column":28}}},"fnMap":{"0":{"name":"(anonymous_0)","decl":{"start":{"line":4,"column":2},"end":{"line":4,"column":3}},"loc":{"start":{"line":4,"column":12},"end":{"line":6,"column":3}},"line":4},"1":{"name":"(anonymous_1)","decl":{"start":{"line":8,"column":2},"end":{"line":8,"column":3}},"loc":{"start":{"line":8,"column":12},"end":{"line":10,"column":3}},"line":8}},"branchMap":{},"s":{"0":2,"1":0,"2":1,"3":1},"f":{"0":2,"1":0},"b":{},"_coverageSchema":"332fd63041d2c1bcb487cc26dd0d5f7d97098a6c","hash":"232385973c26dc6d75820ce0ed6b95d0867b0f00"}
,"/Users/peter/git/mjr-frontend-jest/samples/simple/src/formatter.js": {"path":"/Users/peter/git/mjr-frontend-jest/samples/simple/src/formatter.js","statementMap":{"0":{"start":{"line":2,"column":2},"end":{"line":7,"column":6}},"1":{"start":{"line":4,"column":6},"end":{"line":4,"column":59}}},"fnMap":{"0":{"name":"formatList","decl":{"start":{"line":1,"column":16},"end":{"line":1,"column":26}},"loc":{"start":{"line":1,"column":49},"end":{"line":8,"column":1}},"line":1},"1":{"name":"(anonymous_1)","decl":{"start":{"line":3,"column":4},"end":{"line":3,"column":5}},"loc":{"start":{"line":3,"column":25},"end":{"line":5,"column":5}},"line":3}},"branchMap":{"0":{"loc":{"start":{"line":4,"column":34},"end":{"line":4,"column":56}},"type":"cond-expr","locations":[{"start":{"line":4,"column":40},"end":{"line":4,"column":49}},{"start":{"line":4,"column":52},"end":{"line":4,"column":56}}],"line":4}},"s":{"0":1,"1":4},"f":{"0":1,"1":4},"b":{"0":[4,0]},"_coverageSchema":"332fd63041d2c1bcb487cc26dd0d5f7d97098a6c","hash":"6a6d1b923ca40e1b2a1be539cf943140d94ea427"}
,"/Users/peter/git/mjr-frontend-jest/samples/simple/src/userService.js": {"path":"/Users/peter/git/mjr-frontend-jest/samples/simple/src/userService.js","statementMap":{"0":{"start":{"line":2,"column":2},"end":{"line":5,"column":4}}},"fnMap":{"0":{"name":"createUser","decl":{"start":{"line":1,"column":16},"end":{"line":1,"column":26}},"loc":{"start":{"line":1,"column":38},"end":{"line":6,"column":1}},"line":1}},"branchMap":{},"s":{"0":1},"f":{"0":1},"b":{},"_coverageSchema":"332fd63041d2c1bcb487cc26dd0d5f7d97098a6c","hash":"27304b283123da55bbd6f1fc7521c2022a68d156"}
}
