TN:
SF:/Users/peter/git/mjr-frontend-jest/samples/simple/src/calc.js
FN:4,(anonymous_0)
FN:8,(anonymous_1)
FNF:2
FNH:1
FNDA:2,(anonymous_0)
FNDA:0,(anonymous_1)
DA:5,2
DA:9,0
DA:13,1
DA:14,1
LF:4
LH:3
BRF:0
BRH:0
end_of_record
TN:
SF:/Users/peter/git/mjr-frontend-jest/samples/simple/src/formatter.js
FN:1,formatList
FN:3,(anonymous_1)
FNF:2
FNH:2
FNDA:1,formatList
FNDA:4,(anonymous_1)
DA:2,1
DA:4,4
LF:2
LH:2
BRDA:4,0,0,4
BRDA:4,0,1,0
BRF:2
BRH:1
end_of_record
TN:
SF:/Users/peter/git/mjr-frontend-jest/samples/simple/src/userService.js
FN:1,createUser
FNF:1
FNH:1
FNDA:1,createUser
DA:2,1
LF:1
LH:1
BRF:0
BRH:0
end_of_record
